<?xml version="1.0" encoding="UTF-8"?>
<testng-results ignored="0" total="1" passed="1" failed="0" skipped="0">
  <reporter-output>
  </reporter-output>
  <suite started-at="2021-10-03T12:47:11 IST" name="Default suite" finished-at="2021-10-03T12:47:40 IST" duration-ms="29105">
    <groups>
    </groups>
    <test started-at="2021-10-03T12:47:11 IST" name="Default test" finished-at="2021-10-03T12:47:40 IST" duration-ms="29105">
      <class name="Day_003_Locators.TC04_linkText">
        <test-method signature="testTC02()[pri:0, instance:Day_003_Locators.TC04_linkText@3427b02d]" started-at="2021-10-03T12:47:11 IST" name="testTC02" finished-at="2021-10-03T12:47:40 IST" duration-ms="29031" status="PASS">
          <reporter-output>
          </reporter-output>
        </test-method> <!-- testTC02 -->
      </class> <!-- Day_003_Locators.TC04_linkText -->
    </test> <!-- Default test -->
  </suite> <!-- Default suite -->
</testng-results>
